2024-12-23 22:34:41.652 | INFO     | __main__:main:9 - Predictions: [1994.65746977]
2024-12-23 22:35:07.804 | INFO     | model_training:build_model:12 - Building the model
2024-12-23 22:35:07.805 | INFO     | data_preparation:prepare_data:6 - Preparing data.
2024-12-23 22:35:07.805 | INFO     | data_collection:load_data:8 - Loading data from data\rent_apartments.csv
2024-12-23 22:35:07.812 | INFO     | data_preparation:encode_cat_columns:17 - Encoding columns: ['balcony', 'parking', 'furnished', 'garage', 'storage']
2024-12-23 22:35:07.818 | INFO     | model_training:get_x_y:39 - Features: ['area', 'constraction_year', 'bedrooms', 'garden', 'balcony_yes', 'parking_yes', 'furnished_yes', 'garage_yes', 'storage_yes']
2024-12-23 22:35:07.821 | INFO     | model_training:model_train:44 - Training the model
2024-12-23 22:35:26.674 | INFO     | model_training:model_evaluate:58 - Evaluating the model. SCORE = 0.7263987137496795
2024-12-23 22:35:26.693 | INFO     | model_training:save_model:64 - Saving the model to models\rf_model.pkl
2024-12-23 22:35:26.752 | INFO     | __main__:main:9 - Predictions: [2036.03383835]
2024-12-26 21:28:31.144 | INFO     | __main__:main:21 - running the application...
2024-12-26 21:28:31.144 | INFO     | model.model_service:load_model:41 - Model loaded from model\models\rf_model.pkl
2024-12-26 21:28:31.174 | INFO     | model.model_service:predict:59 - Prediction: [2036.03383835]
2024-12-26 21:28:31.188 | INFO     | __main__:main:37 - prediction = [2036.03383835]
2024-12-26 21:29:40.649 | INFO     | __main__:main:21 - running the application...
2024-12-26 21:29:40.650 | INFO     | model.model_service:load_model:41 - Model loaded from model\models\rf_model.pkl
2024-12-26 21:29:40.697 | INFO     | __main__:main:37 - prediction = [2036.03383835]
2024-12-26 21:30:21.825 | INFO     | __main__:main:21 - running the application...
2024-12-26 21:30:21.825 | WARNING  | model.model_service:load_model:38 - Model rf_model_v2.pkl not found. Building the model
2024-12-26 21:30:21.825 | INFO     | model.pipeline.model_training:build_model:26 - Building the model
2024-12-26 21:30:21.825 | INFO     | model.pipeline.data_preparation:prepare_data:24 - starting up preprocessing pipeline
2024-12-26 21:30:21.826 | INFO     | model.pipeline.data_collection:load_data_from_db:26 - extracting the table from the database
2024-12-26 21:30:21.850 | INFO     | model.pipeline.data_preparation:_encode_cat_columns:41 - Encoding columns: ['balcony', 'parking', 'furnished', 'garage', 'storage']
2024-12-26 21:30:21.863 | INFO     | model.pipeline.model_training:get_x_y:83 - Features: ['area', 'constraction_year', 'bedrooms', 'garden', 'balcony_yes', 'parking_yes', 'furnished_yes', 'garage_yes', 'storage_yes']
2024-12-26 21:30:21.867 | INFO     | model.pipeline.model_training:model_train:101 - Training the model
2024-12-26 21:30:40.946 | INFO     | model.pipeline.model_training:model_evaluate:142 - Evaluating the model. SCORE = 0.7227606461397302
2024-12-26 21:30:40.948 | INFO     | model.pipeline.model_training:save_model:157 - Saving the model to model\models\rf_model_v2.pkl
2024-12-26 21:30:40.963 | INFO     | model.model_service:load_model:41 - Model loaded from model\models\rf_model_v2.pkl
2024-12-26 21:30:41.011 | INFO     | __main__:main:37 - prediction = [2018.73691477]
2024-12-28 21:00:23.288 | INFO     | __main__:main:22 - running the application...
2024-12-28 21:00:23.289 | INFO     | model.model_service:load_model:37 - Model loaded from model\models\rf_model_v2.pkl
2024-12-28 21:00:23.386 | INFO     | __main__:main:38 - prediction = [2018.73691477]
2024-12-28 21:10:35.929 | INFO     | __main__:main:22 - running the application...
2024-12-28 21:10:35.930 | INFO     | model.model_service:load_model:37 - Model loaded from model\models\rf_model_v2.pkl
2024-12-28 21:10:35.965 | INFO     | __main__:main:38 - prediction = [2018.73691477]
2024-12-28 21:29:11.416 | INFO     | __main__:main:22 - running the application...
2024-12-28 21:29:11.416 | INFO     | model.model_service:load_model:37 - Model loaded from model\models\rf_model_v2.pkl
2024-12-28 21:29:11.451 | INFO     | __main__:main:38 - prediction = [2018.73691477]
